LOADING DATA...
LOADING DATA...
***************************************
Starting run with following parameters:
 --embedding size:   200
 --hidden size:      333
 --filter width:     2
 --dropout:          0.100000
 --pooling:          MAX
 --initial epoch:    1
 --number of epochs: 5
 --batch size:       20
 --learning rate:    0.000200
 --loss margin:      0.100000
Epoch 1: Average Train Loss: 1.25630, Time: 0m 54s
Dev MAP: 50.3, MRR: 64.1, P@1: 49.7, P@5: 40.3
Test MAP: 50.3, MRR: 63.7, P@1: 48.9, P@5: 39.2
Epoch 2: Average Train Loss: 1.13166, Time: 1m 31s
Dev MAP: 50.9, MRR: 64.1, P@1: 49.2, P@5: 40.7
Test MAP: 50.5, MRR: 64.1, P@1: 50.5, P@5: 39.5
Epoch 3: Average Train Loss: 1.00088, Time: 2m 11s
Dev MAP: 52.2, MRR: 65.3, P@1: 50.8, P@5: 41.2
Test MAP: 51.2, MRR: 64.7, P@1: 50.0, P@5: 39.7
Epoch 4: Average Train Loss: 0.85100, Time: 2m 46s
Dev MAP: 52.2, MRR: 63.7, P@1: 47.6, P@5: 41.9
Test MAP: 51.7, MRR: 65.5, P@1: 50.5, P@5: 40.0
Epoch 5: Average Train Loss: 0.67530, Time: 3m 25s
Dev MAP: 52.4, MRR: 64.0, P@1: 48.1, P@5: 41.8
Test MAP: 52.1, MRR: 65.2, P@1: 50.0, P@5: 40.1
-------
FINAL RESULTS:
Training time: 3m 34s
Dev MAP: 52.4, MRR: 64.0, P@1: 48.1, P@5: 41.8
Test MAP: 52.1, MRR: 65.2, P@1: 50.0, P@5: 40.1
Model 1/54
***************************************
Starting run with following parameters:
 --embedding size:   200
 --hidden size:      333
 --filter width:     2
 --dropout:          0.200000
 --pooling:          MAX
 --initial epoch:    1
 --number of epochs: 5
 --batch size:       20
 --learning rate:    0.000200
 --loss margin:      0.100000
Epoch 1: Average Train Loss: 1.28620, Time: 0m 33s
Dev MAP: 51.0, MRR: 63.9, P@1: 49.7, P@5: 40.7
Test MAP: 49.5, MRR: 61.6, P@1: 44.6, P@5: 38.1
Epoch 2: Average Train Loss: 1.19257, Time: 1m 7s
Dev MAP: 50.9, MRR: 63.9, P@1: 49.7, P@5: 40.8
Test MAP: 50.6, MRR: 63.3, P@1: 46.8, P@5: 38.5
LOADING DATA...
